<?xml version="1.0" encoding="UTF-8"?>
<testng-results skipped="0" failed="0" total="1" passed="1">
  <reporter-output>
    <line>
      <![CDATA[Tiltle is matchingOrangeHRM]]>
    </line>
    <line>
      <![CDATA[List is sorted]]>
    </line>
  </reporter-output>
  <suite name="Suite" duration-ms="25095" started-at="2019-06-08T01:14:04Z" finished-at="2019-06-08T01:14:29Z">
    <groups>
    </groups>
    <test name="Test" duration-ms="25095" started-at="2019-06-08T01:14:04Z" finished-at="2019-06-08T01:14:29Z">
      <class name="scripts.TestScripts">
        <test-method status="PASS" signature="preCondition()[pri:0, instance:scripts.TestScripts@327471b5]" name="preCondition" is-config="true" duration-ms="9546" started-at="2019-06-08T06:44:04Z" finished-at="2019-06-08T06:44:13Z">
          <reporter-output>
          </reporter-output>
        </test-method> <!-- preCondition -->
        <test-method status="PASS" signature="testSortListBox()[pri:0, instance:scripts.TestScripts@327471b5]" name="testSortListBox" duration-ms="14647" started-at="2019-06-08T06:44:13Z" finished-at="2019-06-08T06:44:28Z">
          <reporter-output>
            <line>
              <![CDATA[Tiltle is matchingOrangeHRM]]>
            </line>
            <line>
              <![CDATA[List is sorted]]>
            </line>
          </reporter-output>
        </test-method> <!-- testSortListBox -->
        <test-method status="PASS" signature="postCondition()[pri:0, instance:scripts.TestScripts@327471b5]" name="postCondition" is-config="true" duration-ms="858" started-at="2019-06-08T06:44:28Z" finished-at="2019-06-08T06:44:29Z">
          <reporter-output>
          </reporter-output>
        </test-method> <!-- postCondition -->
      </class> <!-- scripts.TestScripts -->
    </test> <!-- Test -->
  </suite> <!-- Suite -->
</testng-results>
