<?xml version="1.0" encoding="UTF-8"?>
<testng-results skipped="0" failed="0" ignored="1" total="2" passed="1">
  <reporter-output>
    <line>
      <![CDATA[Tiltle is matchingOrangeHRM]]>
    </line>
    <line>
      <![CDATA[List is sorted]]>
    </line>
  </reporter-output>
  <suite name="Suite" duration-ms="34498" started-at="2019-06-08T01:11:42Z" finished-at="2019-06-08T01:12:16Z">
    <groups>
    </groups>
    <test name="Test" duration-ms="34498" started-at="2019-06-08T01:11:42Z" finished-at="2019-06-08T01:12:16Z">
      <class name="scripts.TestScripts">
        <test-method status="PASS" signature="preCondition()[pri:0, instance:scripts.TestScripts@5bcab519]" name="preCondition" is-config="true" duration-ms="19710" started-at="2019-06-08T01:11:42Z" finished-at="2019-06-08T01:12:02Z">
          <reporter-output>
          </reporter-output>
        </test-method> <!-- preCondition -->
        <test-method status="PASS" signature="testSortListBox()[pri:0, instance:scripts.TestScripts@5bcab519]" name="testSortListBox" duration-ms="12733" started-at="2019-06-08T01:12:02Z" finished-at="2019-06-08T01:12:14Z">
          <reporter-output>
            <line>
              <![CDATA[Tiltle is matchingOrangeHRM]]>
            </line>
            <line>
              <![CDATA[List is sorted]]>
            </line>
          </reporter-output>
        </test-method> <!-- testSortListBox -->
        <test-method status="PASS" signature="postCondition()[pri:0, instance:scripts.TestScripts@5bcab519]" name="postCondition" is-config="true" duration-ms="1951" started-at="2019-06-08T01:12:14Z" finished-at="2019-06-08T01:12:16Z">
          <reporter-output>
          </reporter-output>
        </test-method> <!-- postCondition -->
      </class> <!-- scripts.TestScripts -->
    </test> <!-- Test -->
  </suite> <!-- Suite -->
</testng-results>
